[22:18:43] [Server thread/INFO]: Starting minecraft server version 1.11
[22:18:43] [Server thread/INFO]: Loading properties
[22:18:43] [Server thread/WARN]: resource-pack-hash is deprecated. Please use resource-pack-sha1 instead.
[22:18:43] [Server thread/INFO]: Default game type: SURVIVAL
[22:18:44] [Server thread/INFO]: This server is running CraftBukkit version git-Spigot-6f7aabf-c8ff651 (MC: 1.11) (Implementing API version 1.11-R0.1-SNAPSHOT)
[22:18:44] [Server thread/INFO]: Debug logging is disabled
[22:18:44] [Server thread/INFO]: Server Ping Player Sample Count: 12
[22:18:44] [Server thread/INFO]: Using 4 threads for Netty based IO
[22:18:44] [Server thread/INFO]: Generating keypair
[22:18:44] [Server thread/INFO]: Starting Minecraft server on *:25565
[22:18:44] [Server thread/INFO]: Using default channel type
[22:18:46] [Server thread/INFO]: Set PluginClassLoader as parallel capable
[22:18:46] [Server thread/INFO]: [SimplePlugin] Loading SimplePlugin v0
[22:18:46] [Server thread/WARN]: **** SERVER IS RUNNING IN OFFLINE/INSECURE MODE!
[22:18:46] [Server thread/WARN]: The server will make no attempt to authenticate usernames. Beware.
[22:18:46] [Server thread/WARN]: While this makes the game possible to play without internet access, it also opens up the ability for hackers to connect with any username they choose.
[22:18:46] [Server thread/WARN]: To change this, set "online-mode" to "true" in the server.properties file.
[22:18:46] [Server thread/INFO]: **** Beginning UUID conversion, this may take A LONG time ****
[22:18:46] [Server thread/INFO]: Preparing level "world"
[22:18:47] [Server thread/ERROR]: Could not set generator for default world 'world': Plugin 'Obleron' does not exist
[22:18:47] [Server thread/INFO]: -------- World Settings For [world] --------
[22:18:47] [Server thread/INFO]: Item Despawn Rate: 6000
[22:18:47] [Server thread/INFO]: Item Merge Radius: 2.5
[22:18:47] [Server thread/INFO]: Mob Spawn Range: 4
[22:18:47] [Server thread/INFO]: Entity Tracking Range: Pl 48 / An 48 / Mo 48 / Mi 32 / Other 64
[22:18:47] [Server thread/INFO]: Random Lighting Updates: false
[22:18:47] [Server thread/INFO]: Max TNT Explosions: 100
[22:18:47] [Server thread/INFO]: Tile Max Tick Time: 50ms Entity max Tick Time: 50ms
[22:18:47] [Server thread/INFO]: Hopper Transfer: 8 Hopper Check: 8 Hopper Amount: 1
[22:18:47] [Server thread/INFO]: Cactus Growth Modifier: 100%
[22:18:47] [Server thread/INFO]: Cane Growth Modifier: 100%
[22:18:47] [Server thread/INFO]: Melon Growth Modifier: 100%
[22:18:47] [Server thread/INFO]: Mushroom Growth Modifier: 100%
[22:18:47] [Server thread/INFO]: Pumpkin Growth Modifier: 100%
[22:18:47] [Server thread/INFO]: Sapling Growth Modifier: 100%
[22:18:47] [Server thread/INFO]: Wheat Growth Modifier: 100%
[22:18:47] [Server thread/INFO]: NetherWart Growth Modifier: 100%
[22:18:47] [Server thread/INFO]: Vine Growth Modifier: 100%
[22:18:47] [Server thread/INFO]: Cocoa Growth Modifier: 100%
[22:18:47] [Server thread/INFO]: Entity Activation Range: An 32 / Mo 32 / Mi 16
[22:18:47] [Server thread/INFO]: Structure Info Saving: true
[22:18:47] [Server thread/INFO]: Arrow Despawn Rate: 1200
[22:18:47] [Server thread/INFO]: Allow Zombie Pigmen to spawn from portal blocks: true
[22:18:47] [Server thread/INFO]: View Distance: 10
[22:18:47] [Server thread/INFO]: Zombie Aggressive Towards Villager: true
[22:18:47] [Server thread/INFO]: Custom Map Seeds:  Village: 10387312 Feature: 14357617
[22:18:47] [Server thread/INFO]: Experience Merge Radius: 3.0
[22:18:47] [Server thread/INFO]: Nerfing mobs spawned from spawners: false
[22:18:47] [Server thread/INFO]: -------- World Settings For [world_nether] --------
[22:18:47] [Server thread/INFO]: Item Despawn Rate: 6000
[22:18:47] [Server thread/INFO]: Item Merge Radius: 2.5
[22:18:47] [Server thread/INFO]: Mob Spawn Range: 4
[22:18:47] [Server thread/INFO]: Entity Tracking Range: Pl 48 / An 48 / Mo 48 / Mi 32 / Other 64
[22:18:47] [Server thread/INFO]: Random Lighting Updates: false
[22:18:47] [Server thread/INFO]: Max TNT Explosions: 100
[22:18:47] [Server thread/INFO]: Tile Max Tick Time: 50ms Entity max Tick Time: 50ms
[22:18:47] [Server thread/INFO]: Hopper Transfer: 8 Hopper Check: 8 Hopper Amount: 1
[22:18:47] [Server thread/INFO]: Cactus Growth Modifier: 100%
[22:18:47] [Server thread/INFO]: Cane Growth Modifier: 100%
[22:18:47] [Server thread/INFO]: Melon Growth Modifier: 100%
[22:18:47] [Server thread/INFO]: Mushroom Growth Modifier: 100%
[22:18:47] [Server thread/INFO]: Pumpkin Growth Modifier: 100%
[22:18:47] [Server thread/INFO]: Sapling Growth Modifier: 100%
[22:18:47] [Server thread/INFO]: Wheat Growth Modifier: 100%
[22:18:47] [Server thread/INFO]: NetherWart Growth Modifier: 100%
[22:18:47] [Server thread/INFO]: Vine Growth Modifier: 100%
[22:18:47] [Server thread/INFO]: Cocoa Growth Modifier: 100%
[22:18:47] [Server thread/INFO]: Entity Activation Range: An 32 / Mo 32 / Mi 16
[22:18:47] [Server thread/INFO]: Structure Info Saving: true
[22:18:47] [Server thread/INFO]: Arrow Despawn Rate: 1200
[22:18:47] [Server thread/INFO]: Allow Zombie Pigmen to spawn from portal blocks: true
[22:18:47] [Server thread/INFO]: View Distance: 10
[22:18:47] [Server thread/INFO]: Zombie Aggressive Towards Villager: true
[22:18:47] [Server thread/INFO]: Custom Map Seeds:  Village: 10387312 Feature: 14357617
[22:18:47] [Server thread/INFO]: Experience Merge Radius: 3.0
[22:18:47] [Server thread/INFO]: Nerfing mobs spawned from spawners: false
[22:18:47] [Server thread/INFO]: -------- World Settings For [world_the_end] --------
[22:18:47] [Server thread/INFO]: Item Despawn Rate: 6000
[22:18:47] [Server thread/INFO]: Item Merge Radius: 2.5
[22:18:47] [Server thread/INFO]: Mob Spawn Range: 4
[22:18:47] [Server thread/INFO]: Entity Tracking Range: Pl 48 / An 48 / Mo 48 / Mi 32 / Other 64
[22:18:47] [Server thread/INFO]: Random Lighting Updates: false
[22:18:47] [Server thread/INFO]: Max TNT Explosions: 100
[22:18:47] [Server thread/INFO]: Tile Max Tick Time: 50ms Entity max Tick Time: 50ms
[22:18:47] [Server thread/INFO]: Hopper Transfer: 8 Hopper Check: 8 Hopper Amount: 1
[22:18:47] [Server thread/INFO]: Cactus Growth Modifier: 100%
[22:18:47] [Server thread/INFO]: Cane Growth Modifier: 100%
[22:18:47] [Server thread/INFO]: Melon Growth Modifier: 100%
[22:18:47] [Server thread/INFO]: Mushroom Growth Modifier: 100%
[22:18:47] [Server thread/INFO]: Pumpkin Growth Modifier: 100%
[22:18:47] [Server thread/INFO]: Sapling Growth Modifier: 100%
[22:18:47] [Server thread/INFO]: Wheat Growth Modifier: 100%
[22:18:47] [Server thread/INFO]: NetherWart Growth Modifier: 100%
[22:18:47] [Server thread/INFO]: Vine Growth Modifier: 100%
[22:18:47] [Server thread/INFO]: Cocoa Growth Modifier: 100%
[22:18:47] [Server thread/INFO]: Entity Activation Range: An 32 / Mo 32 / Mi 16
[22:18:47] [Server thread/INFO]: Structure Info Saving: true
[22:18:47] [Server thread/INFO]: Arrow Despawn Rate: 1200
[22:18:47] [Server thread/INFO]: Allow Zombie Pigmen to spawn from portal blocks: true
[22:18:47] [Server thread/INFO]: View Distance: 10
[22:18:47] [Server thread/INFO]: Zombie Aggressive Towards Villager: true
[22:18:47] [Server thread/INFO]: Custom Map Seeds:  Village: 10387312 Feature: 14357617
[22:18:47] [Server thread/INFO]: Experience Merge Radius: 3.0
[22:18:47] [Server thread/INFO]: Nerfing mobs spawned from spawners: false
[22:18:47] [Server thread/INFO]: Preparing start region for level 0 (Seed: 1208840118070354344)
[22:18:48] [Server thread/INFO]: Preparing spawn area: 21%
[22:18:49] [Server thread/INFO]: Preparing start region for level 1 (Seed: 1208840118070354344)
[22:18:50] [Server thread/INFO]: Preparing spawn area: 77%
[22:18:50] [Server thread/INFO]: Preparing start region for level 2 (Seed: 1208840118070354344)
[22:18:51] [Server thread/INFO]: [SimplePlugin] Enabling SimplePlugin v0
[22:18:51] [Server thread/INFO]: Server permissions file permissions.yml is empty, ignoring it
[22:18:51] [Server thread/INFO]: Done (4.244s)! For help, type "help" or "?"
[22:18:54] [User Authenticator #1/INFO]: UUID of player Salemt is c252ebc1-b462-3d81-8b94-d132726f3dee
[22:18:55] [Server thread/INFO]: Salemt[/127.0.0.1:62267] logged in with entity id 77 at ([world]189.23750001192093, 64.0, -352.6550248786154)
[22:19:39] [Server thread/INFO]: 'salemt' is not a valid number
[22:19:44] [Server thread/INFO]: Set Salemt's game mode to Creative Mode
[22:19:49] [Async Chat Thread - #0/INFO]: <Salemt> tet[m
[22:21:14] [Server thread/INFO]: Salemt lost connection: Disconnected
[22:21:14] [Server thread/INFO]: Salemt left the game
